2020-08-13 18:39:57,051 INFO notifyConnectTimeout:200

2020-08-13 18:39:57,051 INFO notifySocketTimeout:8000

2020-08-13 18:39:57,051 INFO isHealthCheck:true

2020-08-13 18:39:57,051 INFO maxHealthCheckFailCount:12

2020-08-13 18:39:57,051 INFO maxContent:10485760

2020-08-13 18:39:58,114 INFO Schema 'NACOS' already exists.

2020-08-13 18:39:58,249 INFO Table/View 'CONFIG_INFO' already exists in Schema 'NACOS'.

2020-08-13 18:39:58,380 INFO Table/View 'HIS_CONFIG_INFO' already exists in Schema 'NACOS'.

2020-08-13 18:39:58,428 INFO Table/View 'CONFIG_INFO_BETA' already exists in Schema 'NACOS'.

2020-08-13 18:39:58,453 INFO Table/View 'CONFIG_INFO_TAG' already exists in Schema 'NACOS'.

2020-08-13 18:39:58,485 INFO Table/View 'CONFIG_INFO_AGGR' already exists in Schema 'NACOS'.

2020-08-13 18:39:58,516 INFO Table/View 'APP_LIST' already exists in Schema 'NACOS'.

2020-08-13 18:39:58,531 INFO Table/View 'APP_CONFIGDATA_RELATION_SUBS' already exists in Schema 'NACOS'.

2020-08-13 18:39:58,563 INFO Table/View 'APP_CONFIGDATA_RELATION_PUBS' already exists in Schema 'NACOS'.

2020-08-13 18:39:58,578 INFO Table/View 'CONFIG_TAGS_RELATION' already exists in Schema 'NACOS'.

2020-08-13 18:39:58,610 INFO Table/View 'GROUP_CAPACITY' already exists in Schema 'NACOS'.

2020-08-13 18:39:58,656 INFO Table/View 'TENANT_CAPACITY' already exists in Schema 'NACOS'.

2020-08-13 18:39:58,703 INFO Table/View 'TENANT_INFO' already exists in Schema 'NACOS'.

2020-08-13 18:39:58,719 INFO Table/View 'USERS' already exists in Schema 'NACOS'.

2020-08-13 18:39:58,735 INFO Table/View 'ROLES' already exists in Schema 'NACOS'.

2020-08-13 18:39:58,844 INFO The statement was aborted because it would have caused a duplicate key value in a unique or primary key constraint or unique index identified by 'SQL200722231315060' defined on 'USERS'.

2020-08-13 18:40:03,557 INFO ServerListService address-server port:8848

2020-08-13 18:40:03,557 INFO ADDRESS_SERVER_URL:http://jmenv.tbsite.net:8080/nacos/serverlist

2020-08-13 18:40:03,557 WARN [serverlist] updated to [192.168.111.1]

2020-08-13 18:40:04,229 WARN DumpService start

2020-08-13 18:40:04,244 INFO start clear all config-info.

2020-08-13 18:40:04,541 WARN clear all config-info failed.

2020-08-13 18:40:04,541 WARN clear all config-info-tenant failed.

2020-08-13 18:40:07,494 INFO [all-dump] 3 / 3

2020-08-13 18:40:07,494 INFO start clear all config-info-beta.

2020-08-13 18:40:07,510 WARN clear all config-info-beta failed.

2020-08-13 18:40:07,510 WARN clear all config-info-beta-tenant failed.

2020-08-13 18:40:08,260 INFO start clear all config-info-tag.

2020-08-13 18:40:08,260 WARN clear all config-info-tag failed.

2020-08-13 18:40:08,260 WARN clear all config-info-tag-tenant failed.

