2020-08-13 18:39:31,826 INFO Starting Nacos v1.1.4 on DESKTOP-CGLHDIQ with PID 17204 (C:\Users\54356\Desktop\Java\Kotori-Web-Store\nacos\target\nacos-server.jar started by Kotori in C:\Users\54356\Desktop\Java\Kotori-Web-Store\nacos\bin)

2020-08-13 18:39:31,841 INFO The following profiles are active: standalone

2020-08-13 18:39:43,090 INFO Bean 'org.springframework.security.config.annotation.configuration.ObjectPostProcessorConfiguration' of type [org.springframework.security.config.annotation.configuration.ObjectPostProcessorConfiguration$$EnhancerBySpringCGLIB$$ef1a9833] is not eligible for getting processed by all BeanPostProcessors (for example: not eligible for auto-proxying)

2020-08-13 18:39:48,340 INFO Bean 'objectPostProcessor' of type [org.springframework.security.config.annotation.configuration.AutowireBeanFactoryObjectPostProcessor] is not eligible for getting processed by all BeanPostProcessors (for example: not eligible for auto-proxying)

2020-08-13 18:39:48,386 INFO Bean 'org.springframework.security.access.expression.method.DefaultMethodSecurityExpressionHandler@7188af83' of type [org.springframework.security.access.expression.method.DefaultMethodSecurityExpressionHandler] is not eligible for getting processed by all BeanPostProcessors (for example: not eligible for auto-proxying)

2020-08-13 18:39:48,386 INFO Bean 'org.springframework.security.config.annotation.method.configuration.GlobalMethodSecurityConfiguration' of type [org.springframework.security.config.annotation.method.configuration.GlobalMethodSecurityConfiguration$$EnhancerBySpringCGLIB$$13ef3ae5] is not eligible for getting processed by all BeanPostProcessors (for example: not eligible for auto-proxying)

2020-08-13 18:39:48,386 INFO Bean 'methodSecurityMetadataSource' of type [org.springframework.security.access.method.DelegatingMethodSecurityMetadataSource] is not eligible for getting processed by all BeanPostProcessors (for example: not eligible for auto-proxying)

2020-08-13 18:39:50,730 INFO Tomcat initialized with port(s): 8848 (http)

2020-08-13 18:39:50,855 INFO Starting service [Tomcat]

2020-08-13 18:39:50,855 INFO Starting Servlet Engine: Apache Tomcat/9.0.13

2020-08-13 18:39:50,871 INFO The APR based Apache Tomcat Native library which allows optimal performance in production environments was not found on the java.library.path: [D:\Java\jdk1.8.0_202\bin;C:\Windows\Sun\Java\bin;C:\Windows\system32;C:\Windows;C:\Program Files (x86)\Common Files\Oracle\Java\javapath;C:\Windows\system32;C:\Windows;C:\Windows\System32\Wbem;C:\Windows\System32\WindowsPowerShell\v1.0\;C:\Windows\System32\OpenSSH\;C:\Program Files (x86)\NVIDIA Corporation\PhysX\Common;C:\Program Files\dotnet\;D:\MySQL\MySQL Server 8.0\bin;D:\Git\cmd;%JAVA_HOME%\bin;%JAVA_HOME%\jre\bin;D:\nodejs\;D:\Python\Python27\;C:\Users\54356\AppData\Local\Microsoft\WindowsApps;D:\Maven\apache-maven-3.5.4\bin;D:\Java\jdk1.8.0_202\bin;D:\Java\jdk1.8.0_202\jre\bin;C:\Users\54356\AppData\Roaming\npm;D:\Microsoft VS Code\bin;D:\Python\Python27\;;.]

2020-08-13 18:39:52,871 INFO Initializing Spring embedded WebApplicationContext

2020-08-13 18:39:52,871 INFO Root WebApplicationContext: initialization completed in 20905 ms

2020-08-13 18:40:09,635 INFO Use Mysql as the driver

2020-08-13 18:40:10,262 INFO Initializing ExecutorService 'applicationTaskExecutor'

2020-08-13 18:40:10,919 INFO Adding welcome page: class path resource [static/index.html]

2020-08-13 18:40:11,856 INFO Creating filter chain: Ant [pattern='/'], []

2020-08-13 18:40:11,872 INFO Creating filter chain: Ant [pattern='/**/*.css'], []

2020-08-13 18:40:11,872 INFO Creating filter chain: Ant [pattern='/**/*.js'], []

2020-08-13 18:40:11,872 INFO Creating filter chain: Ant [pattern='/**/*.html'], []

2020-08-13 18:40:11,872 INFO Creating filter chain: Ant [pattern='/**/*.map'], []

2020-08-13 18:40:11,872 INFO Creating filter chain: Ant [pattern='/**/*.svg'], []

2020-08-13 18:40:11,872 INFO Creating filter chain: Ant [pattern='/**/*.png'], []

2020-08-13 18:40:11,872 INFO Creating filter chain: Ant [pattern='/**/*.ico'], []

2020-08-13 18:40:11,872 INFO Creating filter chain: Ant [pattern='/console-fe/public/**'], []

2020-08-13 18:40:11,887 INFO Creating filter chain: Ant [pattern='/v1/auth/login'], []

2020-08-13 18:40:11,887 INFO Creating filter chain: Ant [pattern='/v1/console/health/**'], []

2020-08-13 18:40:11,903 INFO Creating filter chain: Ant [pattern='/v1/cs/**'], []

2020-08-13 18:40:11,903 INFO Creating filter chain: Ant [pattern='/v1/ns/**'], []

2020-08-13 18:40:11,903 INFO Creating filter chain: Ant [pattern='/v1/cmdb/**'], []

2020-08-13 18:40:11,903 INFO Creating filter chain: Ant [pattern='/actuator/**'], []

2020-08-13 18:40:11,919 INFO Creating filter chain: Ant [pattern='/v1/console/server/**'], []

2020-08-13 18:40:12,012 INFO Creating filter chain: any request, [org.springframework.security.web.context.request.async.WebAsyncManagerIntegrationFilter@10993713, org.springframework.security.web.context.SecurityContextPersistenceFilter@3e5499cc, org.springframework.security.web.header.HeaderWriterFilter@201b6b6f, org.springframework.security.web.authentication.logout.LogoutFilter@cb191ca, com.alibaba.nacos.console.filter.JwtAuthenticationTokenFilter@58359ebd, org.springframework.security.web.savedrequest.RequestCacheAwareFilter@b78a709, org.springframework.security.web.servletapi.SecurityContextHolderAwareRequestFilter@15cafec7, org.springframework.security.web.authentication.AnonymousAuthenticationFilter@24b6b8f6, org.springframework.security.web.session.SessionManagementFilter@183e8023, org.springframework.security.web.access.ExceptionTranslationFilter@63b1d4fa, org.springframework.security.web.access.intercept.FilterSecurityInterceptor@5af3a0f]

2020-08-13 18:40:12,200 INFO Exposing 2 endpoint(s) beneath base path '/actuator'

2020-08-13 18:40:12,231 INFO Initializing ExecutorService 'taskScheduler'

2020-08-13 18:40:12,387 INFO Tomcat started on port(s): 8848 (http) with context path '/nacos'

2020-08-13 18:40:12,387 INFO Started Nacos in 48.865 seconds (JVM running for 51.599)

2020-08-13 18:40:12,387 INFO Nacos Log files: C:\Users\54356\Desktop\Java\Kotori-Web-Store\nacos/logs/

2020-08-13 18:40:12,403 INFO Nacos Conf files: C:\Users\54356\Desktop\Java\Kotori-Web-Store\nacos/conf/

2020-08-13 18:40:12,403 INFO Nacos Data files: C:\Users\54356\Desktop\Java\Kotori-Web-Store\nacos/data/

2020-08-13 18:40:12,403 INFO Nacos started successfully in stand alone mode.

2020-08-13 18:40:14,237 INFO Initializing Spring DispatcherServlet 'dispatcherServlet'

2020-08-13 18:40:14,238 INFO Initializing Servlet 'dispatcherServlet'

2020-08-13 18:40:14,262 INFO Completed initialization in 21 ms

2020-08-13 18:50:04,109 INFO [capacityManagement] start correct usage

2020-08-13 18:50:04,190 INFO [capacityManagement] end correct usage, cost: 0s

2020-08-13 18:50:09,585 WARN clearConfigHistory start

2020-08-13 19:00:04,192 INFO [capacityManagement] start correct usage

2020-08-13 19:00:04,196 INFO [capacityManagement] end correct usage, cost: 0s

2020-08-13 19:00:09,631 WARN clearConfigHistory start

2020-08-13 19:10:04,198 INFO [capacityManagement] start correct usage

2020-08-13 19:10:04,203 INFO [capacityManagement] end correct usage, cost: 0s

2020-08-13 19:10:09,637 WARN clearConfigHistory start

2020-08-13 19:20:04,204 INFO [capacityManagement] start correct usage

2020-08-13 19:20:04,208 INFO [capacityManagement] end correct usage, cost: 0s

2020-08-13 19:20:09,639 WARN clearConfigHistory start

2020-08-13 19:30:04,210 INFO [capacityManagement] start correct usage

2020-08-13 19:30:04,214 INFO [capacityManagement] end correct usage, cost: 0s

2020-08-13 19:30:09,645 WARN clearConfigHistory start

2020-08-13 19:40:04,216 INFO [capacityManagement] start correct usage

2020-08-13 19:40:04,221 INFO [capacityManagement] end correct usage, cost: 0s

2020-08-13 19:40:09,650 WARN clearConfigHistory start

2020-08-13 19:50:02,295 INFO [capacityManagement] start correct usage

2020-08-13 19:50:02,300 INFO [capacityManagement] end correct usage, cost: 0s

2020-08-13 19:50:07,727 WARN clearConfigHistory start

2020-08-13 20:00:02,304 INFO [capacityManagement] start correct usage

2020-08-13 20:00:02,308 INFO [capacityManagement] end correct usage, cost: 0s

2020-08-13 20:00:07,733 WARN clearConfigHistory start

2020-08-13 20:10:02,311 INFO [capacityManagement] start correct usage

2020-08-13 20:10:02,317 INFO [capacityManagement] end correct usage, cost: 0s

2020-08-13 20:10:07,736 WARN clearConfigHistory start

2020-08-13 20:20:02,319 INFO [capacityManagement] start correct usage

2020-08-13 20:20:02,320 INFO [capacityManagement] end correct usage, cost: 0s

2020-08-13 20:20:07,738 WARN clearConfigHistory start

2020-08-13 20:30:02,322 INFO [capacityManagement] start correct usage

2020-08-13 20:30:02,325 INFO [capacityManagement] end correct usage, cost: 0s

2020-08-13 20:30:07,741 WARN clearConfigHistory start

2020-08-13 20:40:02,327 INFO [capacityManagement] start correct usage

2020-08-13 20:40:02,332 INFO [capacityManagement] end correct usage, cost: 0s

2020-08-13 20:40:07,743 WARN clearConfigHistory start

2020-08-13 20:59:16,300 WARN clearConfigHistory start

2020-08-13 21:09:05,464 INFO [capacityManagement] start correct usage

2020-08-13 21:09:05,469 INFO [capacityManagement] end correct usage, cost: 0s

2020-08-13 21:09:16,312 WARN clearConfigHistory start

2020-08-13 21:19:05,472 INFO [capacityManagement] start correct usage

2020-08-13 21:19:05,476 INFO [capacityManagement] end correct usage, cost: 0s

2020-08-13 21:19:16,316 WARN clearConfigHistory start

2020-08-13 21:29:05,479 INFO [capacityManagement] start correct usage

2020-08-13 21:29:05,481 INFO [capacityManagement] end correct usage, cost: 0s

2020-08-13 21:29:16,322 WARN clearConfigHistory start

2020-08-13 21:39:05,483 INFO [capacityManagement] start correct usage

2020-08-13 21:39:05,485 INFO [capacityManagement] end correct usage, cost: 0s

2020-08-13 21:39:16,324 WARN clearConfigHistory start

2020-08-13 21:49:05,487 INFO [capacityManagement] start correct usage

2020-08-13 21:49:05,489 INFO [capacityManagement] end correct usage, cost: 0s

2020-08-13 21:49:16,328 WARN clearConfigHistory start

2020-08-13 21:59:05,492 INFO [capacityManagement] start correct usage

2020-08-13 21:59:05,494 INFO [capacityManagement] end correct usage, cost: 0s

2020-08-13 21:59:16,335 WARN clearConfigHistory start

2020-08-13 22:09:05,496 INFO [capacityManagement] start correct usage

2020-08-13 22:09:05,500 INFO [capacityManagement] end correct usage, cost: 0s

2020-08-13 22:09:16,337 WARN clearConfigHistory start

2020-08-13 22:19:05,502 INFO [capacityManagement] start correct usage

2020-08-13 22:19:05,506 INFO [capacityManagement] end correct usage, cost: 0s

2020-08-13 22:19:16,400 WARN clearConfigHistory start

2020-08-13 22:29:05,510 INFO [capacityManagement] start correct usage

2020-08-13 22:29:05,512 INFO [capacityManagement] end correct usage, cost: 0s

2020-08-13 22:29:16,439 WARN clearConfigHistory start

2020-08-13 22:39:05,515 INFO [capacityManagement] start correct usage

2020-08-13 22:39:05,517 INFO [capacityManagement] end correct usage, cost: 0s

2020-08-13 22:39:16,441 WARN clearConfigHistory start

2020-08-13 22:49:05,521 INFO [capacityManagement] start correct usage

2020-08-13 22:49:05,524 INFO [capacityManagement] end correct usage, cost: 0s

2020-08-13 22:49:16,444 WARN clearConfigHistory start

2020-08-13 22:59:05,525 INFO [capacityManagement] start correct usage

2020-08-13 22:59:05,529 INFO [capacityManagement] end correct usage, cost: 0s

2020-08-13 22:59:16,446 WARN clearConfigHistory start

2020-08-13 23:09:05,532 INFO [capacityManagement] start correct usage

2020-08-13 23:09:05,534 INFO [capacityManagement] end correct usage, cost: 0s

2020-08-13 23:09:16,450 WARN clearConfigHistory start

2020-08-13 23:19:05,537 INFO [capacityManagement] start correct usage

2020-08-13 23:19:05,540 INFO [capacityManagement] end correct usage, cost: 0s

2020-08-13 23:19:16,451 WARN clearConfigHistory start

