2020-08-13 18:40:39,658 INFO PERFORMANCE:|0|0|-1|-1

2020-08-13 18:45:39,661 INFO PERFORMANCE:|3|3|-1|-1

2020-08-13 18:50:39,663 INFO PERFORMANCE:|3|3|-1|-1

2020-08-13 18:55:39,665 INFO PERFORMANCE:|3|3|-1|-1

2020-08-13 19:00:39,668 INFO PERFORMANCE:|3|3|-1|-1

2020-08-13 19:05:39,671 INFO PERFORMANCE:|3|3|-1|-1

2020-08-13 19:10:39,673 INFO PERFORMANCE:|3|3|-1|-1

2020-08-13 19:15:39,674 INFO PERFORMANCE:|3|3|-1|-1

2020-08-13 19:20:39,676 INFO PERFORMANCE:|3|3|-1|-1

2020-08-13 19:25:39,678 INFO PERFORMANCE:|3|3|-1|-1

2020-08-13 19:30:39,681 INFO PERFORMANCE:|3|3|-1|-1

2020-08-13 19:35:39,684 INFO PERFORMANCE:|3|3|-1|-1

2020-08-13 19:40:39,687 INFO PERFORMANCE:|3|3|-1|-1

2020-08-13 19:45:37,759 INFO PERFORMANCE:|3|3|-1|-1

2020-08-13 19:50:37,761 INFO PERFORMANCE:|3|3|-1|-1

2020-08-13 19:55:37,763 INFO PERFORMANCE:|3|3|-1|-1

2020-08-13 20:00:37,765 INFO PERFORMANCE:|3|3|-1|-1

2020-08-13 20:05:37,767 INFO PERFORMANCE:|3|3|-1|-1

2020-08-13 20:10:37,769 INFO PERFORMANCE:|3|3|-1|-1

2020-08-13 20:15:37,771 INFO PERFORMANCE:|3|3|-1|-1

2020-08-13 20:20:37,772 INFO PERFORMANCE:|3|3|-1|-1

2020-08-13 20:25:37,774 INFO PERFORMANCE:|3|3|-1|-1

2020-08-13 20:30:37,776 INFO PERFORMANCE:|3|3|-1|-1

2020-08-13 20:35:37,779 INFO PERFORMANCE:|3|3|-1|-1

2020-08-13 20:59:40,910 INFO PERFORMANCE:|3|3|-1|-1

2020-08-13 21:04:40,911 INFO PERFORMANCE:|3|3|-1|-1

2020-08-13 21:09:40,913 INFO PERFORMANCE:|3|3|-1|-1

2020-08-13 21:14:40,914 INFO PERFORMANCE:|3|3|-1|-1

2020-08-13 21:19:40,917 INFO PERFORMANCE:|3|3|-1|-1

2020-08-13 21:24:40,920 INFO PERFORMANCE:|3|3|-1|-1

2020-08-13 21:29:40,921 INFO PERFORMANCE:|3|3|-1|-1

2020-08-13 21:34:40,923 INFO PERFORMANCE:|3|3|-1|-1

2020-08-13 21:39:40,924 INFO PERFORMANCE:|3|3|-1|-1

2020-08-13 21:44:40,927 INFO PERFORMANCE:|3|3|-1|-1

2020-08-13 21:49:40,928 INFO PERFORMANCE:|3|3|-1|-1

2020-08-13 21:54:40,929 INFO PERFORMANCE:|3|3|-1|-1

2020-08-13 21:59:40,930 INFO PERFORMANCE:|3|3|-1|-1

2020-08-13 22:04:40,932 INFO PERFORMANCE:|3|3|-1|-1

2020-08-13 22:09:40,934 INFO PERFORMANCE:|3|3|-1|-1

2020-08-13 22:14:40,937 INFO PERFORMANCE:|3|3|-1|-1

2020-08-13 22:19:40,939 INFO PERFORMANCE:|3|3|-1|-1

2020-08-13 22:24:40,940 INFO PERFORMANCE:|3|0|-1|-1

2020-08-13 22:29:40,942 INFO PERFORMANCE:|3|0|-1|-1

2020-08-13 22:34:40,944 INFO PERFORMANCE:|3|0|-1|-1

2020-08-13 22:39:40,953 INFO PERFORMANCE:|3|0|-1|-1

2020-08-13 22:44:40,955 INFO PERFORMANCE:|3|0|-1|-1

2020-08-13 22:49:40,959 INFO PERFORMANCE:|3|0|-1|-1

2020-08-13 22:54:40,960 INFO PERFORMANCE:|3|0|-1|-1

2020-08-13 22:59:40,962 INFO PERFORMANCE:|3|0|-1|-1

2020-08-13 23:04:40,964 INFO PERFORMANCE:|3|0|-1|-1

2020-08-13 23:09:40,965 INFO PERFORMANCE:|3|0|-1|-1

2020-08-13 23:14:40,968 INFO PERFORMANCE:|3|0|-1|-1

2020-08-13 23:19:40,969 INFO PERFORMANCE:|3|0|-1|-1

